[    0.000000] Linux version 4.15.0-130-generic (buildd@lcy01-amd64-018) (gcc version 7.5.0 (Ubuntu 7.5.0-3ubuntu1~18.04)) #134-Ubuntu SMP Tue Jan 5 20:46:26 UTC 2021 (Ubuntu 4.15.0-130.134-generic 4.15.18)
[    0.000000] Command line: BOOT_IMAGE=/boot/vmlinuz-4.15.0-130-generic root=LABEL=cloudimg-rootfs ro console=tty1 console=ttyS0
[    0.000000] KERNEL supported cpus:
[    0.000000]   Intel GenuineIntel
[    0.000000]   AMD AuthenticAMD
[    0.000000]   Centaur CentaurHauls
[    0.000000] x86/fpu: Supporting XSAVE feature 0x001: 'x87 floating point registers'
[    0.000000] x86/fpu: Supporting XSAVE feature 0x002: 'SSE registers'
[    0.000000] x86/fpu: Supporting XSAVE feature 0x004: 'AVX registers'
[    0.000000] x86/fpu: xstate_offset[2]:  576, xstate_sizes[2]:  256
[    0.000000] x86/fpu: Enabled xstate features 0x7, context size is 832 bytes, using 'standard' format.
[    0.000000] e820: BIOS-provided physical RAM map:
[    0.000000] BIOS-e820: [mem 0x0000000000000000-0x000000000009fbff] usable
[    0.000000] BIOS-e820: [mem 0x000000000009fc00-0x000000000009ffff] reserved
[    0.000000] BIOS-e820: [mem 0x00000000000f0000-0x00000000000fffff] reserved
[    0.000000] BIOS-e820: [mem 0x0000000000100000-0x000000001ffeffff] usable
[    0.000000] BIOS-e820: [mem 0x000000001fff0000-0x000000001fffffff] ACPI data
[    0.000000] BIOS-e820: [mem 0x00000000fec00000-0x00000000fec00fff] reserved
[    0.000000] BIOS-e820: [mem 0x00000000fee00000-0x00000000fee00fff] reserved
[    0.000000] BIOS-e820: [mem 0x00000000fffc0000-0x00000000ffffffff] reserved
[    0.000000] NX (Execute Disable) protection: active
[    0.000000] SMBIOS 2.5 present.
[    0.000000] DMI: innotek GmbH VirtualBox/VirtualBox, BIOS VirtualBox 12/01/2006
[    0.000000] Hypervisor detected: KVM
[    0.000000] e820: last_pfn = 0x1fff0 max_arch_pfn = 0x400000000
[    0.000000] MTRR: Disabled
[    0.000000] x86/PAT: MTRRs disabled, skipping PAT initialization too.
[    0.000000] CPU MTRRs all blank - virtualized system.
[    0.000000] x86/PAT: Configuration [0-7]: WB  WT  UC- UC  WB  WT  UC- UC  
[    0.000000] found SMP MP-table at [mem 0x0009fff0-0x0009ffff]
[    0.000000] Scanning 1 areas for low memory corruption
[    0.000000] RAMDISK: [mem 0x1db64000-0x1ee28fff]
[    0.000000] ACPI: Early table checksum verification disabled
[    0.000000] ACPI: RSDP 0x00000000000E0000 000024 (v02 VBOX  )
[    0.000000] ACPI: XSDT 0x000000001FFF0030 00003C (v01 VBOX   VBOXXSDT 00000001 ASL  00000061)
[    0.000000] ACPI: FACP 0x000000001FFF00F0 0000F4 (v04 VBOX   VBOXFACP 00000001 ASL  00000061)
[    0.000000] ACPI: DSDT 0x000000001FFF0470 0022EA (v02 VBOX   VBOXBIOS 00000002 INTL 20100528)
[    0.000000] ACPI: FACS 0x000000001FFF0200 000040
[    0.000000] ACPI: FACS 0x000000001FFF0200 000040
[    0.000000] ACPI: APIC 0x000000001FFF0240 000054 (v02 VBOX   VBOXAPIC 00000001 ASL  00000061)
[    0.000000] ACPI: SSDT 0x000000001FFF02A0 0001CC (v01 VBOX   VBOXCPUT 00000002 INTL 20100528)
[    0.000000] No NUMA configuration found
[    0.000000] Faking a node at [mem 0x0000000000000000-0x000000001ffeffff]
[    0.000000] NODE_DATA(0) allocated [mem 0x1ffc5000-0x1ffeffff]
[    0.000000] kvm-clock: cpu 0, msr 0:1ff44001, primary cpu clock
[    0.000000] kvm-clock: Using msrs 4b564d01 and 4b564d00
[    0.000000] kvm-clock: using sched offset of 10484945363 cycles
[    0.000000] clocksource: kvm-clock: mask: 0xffffffffffffffff max_cycles: 0x1cd42e4dffb, max_idle_ns: 881590591483 ns
[    0.000000] Zone ranges:
[    0.000000]   DMA      [mem 0x0000000000001000-0x0000000000ffffff]
[    0.000000]   DMA32    [mem 0x0000000001000000-0x000000001ffeffff]
[    0.000000]   Normal   empty
[    0.000000]   Device   empty
[    0.000000] Movable zone start for each node
[    0.000000] Early memory node ranges
[    0.000000]   node   0: [mem 0x0000000000001000-0x000000000009efff]
[    0.000000]   node   0: [mem 0x0000000000100000-0x000000001ffeffff]
[    0.000000] Reserved but unavailable: 98 pages
[    0.000000] Initmem setup node 0 [mem 0x0000000000001000-0x000000001ffeffff]
[    0.000000] ACPI: PM-Timer IO Port: 0x4008
[    0.000000] IOAPIC[0]: apic_id 1, version 32, address 0xfec00000, GSI 0-23
[    0.000000] ACPI: INT_SRC_OVR (bus 0 bus_irq 0 global_irq 2 dfl dfl)
[    0.000000] ACPI: INT_SRC_OVR (bus 0 bus_irq 9 global_irq 9 low level)
[    0.000000] Using ACPI (MADT) for SMP configuration information
[    0.000000] smpboot: Allowing 1 CPUs, 0 hotplug CPUs
[    0.000000] PM: Registered nosave memory: [mem 0x00000000-0x00000fff]
[    0.000000] PM: Registered nosave memory: [mem 0x0009f000-0x0009ffff]
[    0.000000] PM: Registered nosave memory: [mem 0x000a0000-0x000effff]
[    0.000000] PM: Registered nosave memory: [mem 0x000f0000-0x000fffff]
[    0.000000] e820: [mem 0x20000000-0xfebfffff] available for PCI devices
[    0.000000] Booting paravirtualized kernel on KVM
[    0.000000] clocksource: refined-jiffies: mask: 0xffffffff max_cycles: 0xffffffff, max_idle_ns: 7645519600211568 ns
[    0.000000] random: get_random_bytes called from start_kernel+0x99/0x500 with crng_init=0
[    0.000000] setup_percpu: NR_CPUS:8192 nr_cpumask_bits:1 nr_cpu_ids:1 nr_node_ids:1
[    0.000000] percpu: Embedded 45 pages/cpu s147456 r8192 d28672 u2097152
[    0.000000] PV qspinlock hash table entries: 256 (order: 0, 4096 bytes)
[    0.000000] Built 1 zonelists, mobility grouping on.  Total pages: 128889
[    0.000000] Policy zone: DMA32
[    0.000000] Kernel command line: BOOT_IMAGE=/boot/vmlinuz-4.15.0-130-generic root=LABEL=cloudimg-rootfs ro console=tty1 console=ttyS0
[    0.000000] Memory: 467108K/523832K available (12300K kernel code, 2482K rwdata, 4276K rodata, 2440K init, 2724K bss, 56724K reserved, 0K cma-reserved)
[    0.000000] SLUB: HWalign=64, Order=0-3, MinObjects=0, CPUs=1, Nodes=1
[    0.000000] Kernel/User page tables isolation: enabled
[    0.000000] ftrace: allocating 39421 entries in 154 pages
[    0.004000] Hierarchical RCU implementation.
[    0.004000] 	RCU restricting CPUs from NR_CPUS=8192 to nr_cpu_ids=1.
[    0.004000] 	Tasks RCU enabled.
[    0.004000] RCU: Adjusting geometry for rcu_fanout_leaf=16, nr_cpu_ids=1
[    0.004000] NR_IRQS: 524544, nr_irqs: 256, preallocated irqs: 16
[    0.004000] Console: colour VGA+ 80x25
[    0.004000] console [tty1] enabled
[    0.004000] console [ttyS0] enabled
[    0.004000] ACPI: Core revision 20170831
[    0.004000] ACPI: 2 ACPI AML tables successfully acquired and loaded
[    0.004000] APIC: Switch to symmetric I/O mode setup
[    0.004000] x2apic enabled
[    0.004010] Switched APIC routing to physical x2apic.
[    0.008000] ..TIMER: vector=0x30 apic1=0 pin1=2 apic2=-1 pin2=-1
[    0.008006] tsc: Detected 1799.999 MHz processor
[    0.012014] Calibrating delay loop (skipped) preset value.. 3599.99 BogoMIPS (lpj=7199996)
[    0.016008] pid_max: default: 32768 minimum: 301
[    0.017326] Security Framework initialized
[    0.020008] Yama: becoming mindful.
[    0.024043] AppArmor: AppArmor initialized
[    0.026642] Dentry cache hash table entries: 65536 (order: 7, 524288 bytes)
[    0.028063] Inode-cache hash table entries: 32768 (order: 6, 262144 bytes)
[    0.032114] Mount-cache hash table entries: 1024 (order: 1, 8192 bytes)
[    0.036015] Mountpoint-cache hash table entries: 1024 (order: 1, 8192 bytes)
[    0.040368] process: using mwait in idle threads
[    0.042211] Last level iTLB entries: 4KB 64, 2MB 8, 4MB 8
[    0.044005] Last level dTLB entries: 4KB 64, 2MB 0, 4MB 0, 1GB 4
[    0.045815] Spectre V1 : Mitigation: usercopy/swapgs barriers and __user pointer sanitization
[    0.048008] Spectre V2 : Mitigation: Full generic retpoline
[    0.052007] Spectre V2 : Spectre v2 / SpectreRSB mitigation: Filling RSB on context switch
[    0.056006] Speculative Store Bypass: Vulnerable
[    0.057378] SRBDS: Unknown: Dependent on hypervisor status
[    0.059047] MDS: Mitigation: Clear CPU buffers
[    0.077997] Freeing SMP alternatives memory: 36K
[    0.192295] smpboot: CPU0: Intel(R) Core(TM) i5-5350U CPU @ 1.80GHz (family: 0x6, model: 0x3d, stepping: 0x4)
[    0.197151] Performance Events: unsupported p6 CPU model 61 no PMU driver, software events only.
[    0.200419] Hierarchical SRCU implementation.
[    0.207534] NMI watchdog: Perf event create on CPU 0 failed with -2
[    0.208007] NMI watchdog: Perf NMI watchdog permanently disabled
[    0.210335] smp: Bringing up secondary CPUs ...
[    0.212008] smp: Brought up 1 node, 1 CPU
[    0.216009] smpboot: Max logical packages: 1
[    0.220010] smpboot: Total of 1 processors activated (3599.99 BogoMIPS)
[    0.224184] devtmpfs: initialized
[    0.225221] x86/mm: Memory block size: 128MB
[    0.227119] evm: security.selinux
[    0.228016] evm: security.SMACK64
[    0.229215] evm: security.SMACK64EXEC
[    0.230436] evm: security.SMACK64TRANSMUTE
[    0.232008] evm: security.SMACK64MMAP
[    0.233409] evm: security.apparmor
[    0.234487] evm: security.ima
[    0.236006] evm: security.capability
[    0.237213] clocksource: jiffies: mask: 0xffffffff max_cycles: 0xffffffff, max_idle_ns: 7645041785100000 ns
[    0.240023] futex hash table entries: 256 (order: 2, 16384 bytes)
[    0.241663] pinctrl core: initialized pinctrl subsystem
[    0.243315] RTC time: 15:17:46, date: 02/20/21
[    0.244170] NET: Registered protocol family 16
[    0.245504] audit: initializing netlink subsys (disabled)
[    0.248148] cpuidle: using governor ladder
[    0.249241] cpuidle: using governor menu
[    0.250294] ACPI: bus type PCI registered
[    0.251295] acpiphp: ACPI Hot Plug PCI Controller Driver version: 0.5
[    0.252021] audit: type=2000 audit(1613834277.545:1): state=initialized audit_enabled=0 res=1
[    0.256162] PCI: Using configuration type 1 for base access
[    0.262808] HugeTLB registered 2.00 MiB page size, pre-allocated 0 pages
[    0.264796] ACPI: Added _OSI(Module Device)
[    0.268012] ACPI: Added _OSI(Processor Device)
[    0.269468] ACPI: Added _OSI(3.0 _SCP Extensions)
[    0.270750] ACPI: Added _OSI(Processor Aggregator Device)
[    0.272073] ACPI: Added _OSI(Linux-Dell-Video)
[    0.273625] ACPI: Added _OSI(Linux-Lenovo-NV-HDMI-Audio)
[    0.276030] ACPI: Added _OSI(Linux-HPI-Hybrid-Graphics)
[    0.277809] ACPI: Executed 1 blocks of module-level executable AML code
[    0.284267] ACPI: Interpreter enabled
[    0.285456] ACPI: (supports S0 S5)
[    0.286463] ACPI: Using IOAPIC for interrupt routing
[    0.288000] PCI: Using host bridge windows from ACPI; if necessary, use "pci=nocrs" and report a bug
[    0.288244] ACPI: Enabled 2 GPEs in block 00 to 07
[    0.302167] ACPI: PCI Root Bridge [PCI0] (domain 0000 [bus 00-ff])
[    0.304014] acpi PNP0A03:00: _OSC: OS supports [ASPM ClockPM Segments MSI]
[    0.306416] acpi PNP0A03:00: _OSC: not requesting OS control; OS requires [ExtendedConfig ASPM ClockPM MSI]
[    0.308018] acpi PNP0A03:00: fail to add MMCONFIG information, can't access extended PCI configuration space under this bridge.
[    0.312566] PCI host bridge to bus 0000:00
[    0.313749] pci_bus 0000:00: root bus resource [io  0x0000-0x0cf7 window]
[    0.316006] pci_bus 0000:00: root bus resource [io  0x0d00-0xffff window]
[    0.317738] pci_bus 0000:00: root bus resource [mem 0x000a0000-0x000bffff window]
[    0.320004] pci_bus 0000:00: root bus resource [mem 0x20000000-0xfdffffff window]
[    0.321883] pci_bus 0000:00: root bus resource [bus 00-ff]
[    0.327501] pci 0000:00:01.1: legacy IDE quirk: reg 0x10: [io  0x01f0-0x01f7]
[    0.328028] pci 0000:00:01.1: legacy IDE quirk: reg 0x14: [io  0x03f6]
[    0.332010] pci 0000:00:01.1: legacy IDE quirk: reg 0x18: [io  0x0170-0x0177]
[    0.336011] pci 0000:00:01.1: legacy IDE quirk: reg 0x1c: [io  0x0376]
[    0.362246] pci 0000:00:07.0: quirk: [io  0x4000-0x403f] claimed by PIIX4 ACPI
[    0.364058] pci 0000:00:07.0: quirk: [io  0x4100-0x410f] claimed by PIIX4 SMB
[    0.383692] ACPI: PCI Interrupt Link [LNKA] (IRQs 5 9 10 *11)
[    0.384432] ACPI: PCI Interrupt Link [LNKB] (IRQs 5 9 *10 11)
[    0.388150] ACPI: PCI Interrupt Link [LNKC] (IRQs 5 *9 10 11)
[    0.390027] ACPI: PCI Interrupt Link [LNKD] (IRQs 5 9 10 *11)
[    0.392603] SCSI subsystem initialized
[    0.394600] pci 0000:00:02.0: vgaarb: setting as boot VGA device
[    0.396000] pci 0000:00:02.0: vgaarb: VGA device added: decodes=io+mem,owns=io+mem,locks=none
[    0.396012] pci 0000:00:02.0: vgaarb: bridge control possible
[    0.398127] vgaarb: loaded
[    0.398959] ACPI: bus type USB registered
[    0.400039] usbcore: registered new interface driver usbfs
[    0.401651] usbcore: registered new interface driver hub
[    0.404041] usbcore: registered new device driver usb
[    0.405514] EDAC MC: Ver: 3.0.0
[    0.407033] PCI: Using ACPI for IRQ routing
[    0.410009] NetLabel: Initializing
[    0.412006] NetLabel:  domain hash size = 128
[    0.413220] NetLabel:  protocols = UNLABELED CIPSOv4 CALIPSO
[    0.415186] NetLabel:  unlabeled traffic allowed by default
[    0.416177] clocksource: Switched to clocksource kvm-clock
[    0.437364] VFS: Disk quotas dquot_6.6.0
[    0.438599] VFS: Dquot-cache hash table entries: 512 (order 0, 4096 bytes)
[    0.441076] AppArmor: AppArmor Filesystem Enabled
[    0.442490] pnp: PnP ACPI init
[    0.445180] pnp: PnP ACPI: found 3 devices
[    0.455497] clocksource: acpi_pm: mask: 0xffffff max_cycles: 0xffffff, max_idle_ns: 2085701024 ns
[    0.458520] NET: Registered protocol family 2
[    0.460168] TCP established hash table entries: 4096 (order: 3, 32768 bytes)
[    0.462355] TCP bind hash table entries: 4096 (order: 4, 65536 bytes)
[    0.463998] TCP: Hash tables configured (established 4096 bind 4096)
[    0.465719] UDP hash table entries: 256 (order: 1, 8192 bytes)
[    0.467338] UDP-Lite hash table entries: 256 (order: 1, 8192 bytes)
[    0.468948] NET: Registered protocol family 1
[    0.470186] pci 0000:00:00.0: Limiting direct PCI/PCI transfers
[    0.471885] pci 0000:00:01.0: Activating ISA DMA hang workarounds
[    0.474077] pci 0000:00:02.0: Video device with shadowed ROM at [mem 0x000c0000-0x000dffff]
[    0.478947] Unpacking initramfs...
[    0.873207] Freeing initrd memory: 19220K
[    0.874578] clocksource: tsc: mask: 0xffffffffffffffff max_cycles: 0x19f228ab7a2, max_idle_ns: 440795289252 ns
[    0.877784] platform rtc_cmos: registered platform RTC device (no PNP device found)
[    0.880379] Scanning for low memory corruption every 60 seconds
[    0.882698] Initialise system trusted keyrings
[    0.883971] Key type blacklist registered
[    0.885882] workingset: timestamp_bits=36 max_order=17 bucket_order=0
[    0.891192] zbud: loaded
[    0.892629] squashfs: version 4.0 (2009/01/31) Phillip Lougher
[    0.894409] fuse init (API version 7.26)
[    0.896345] Key type asymmetric registered
[    0.897737] Asymmetric key parser 'x509' registered
[    0.899341] Block layer SCSI generic (bsg) driver version 0.4 loaded (major 246)
[    0.901422] io scheduler noop registered
[    0.902527] io scheduler deadline registered
[    0.903890] io scheduler cfq registered (default)
[    0.906832] ACPI: AC Adapter [AC] (on-line)
[    0.908285] input: Power Button as /devices/LNXSYSTM:00/LNXPWRBN:00/input/input0
[    0.910317] ACPI: Power Button [PWRF]
[    0.911366] input: Sleep Button as /devices/LNXSYSTM:00/LNXSLPBN:00/input/input1
[    0.914597] ACPI: Sleep Button [SLPF]
[    0.917958] ACPI: Battery Slot [BAT0] (battery present)
[    0.921417] Serial: 8250/16550 driver, 32 ports, IRQ sharing enabled
[    0.951922] 00:02: ttyS0 at I/O 0x3f8 (irq = 4, base_baud = 115200) is a 16550A
[    0.956622] Linux agpgart interface v0.103
[    0.961710] loop: module loaded
[    0.965392] scsi host0: ata_piix
[    0.967466] scsi host1: ata_piix
[    0.971574] ata1: PATA max UDMA/33 cmd 0x1f0 ctl 0x3f6 bmdma 0xd000 irq 14
[    0.975002] ata2: PATA max UDMA/33 cmd 0x170 ctl 0x376 bmdma 0xd008 irq 15
[    0.978855] libphy: Fixed MDIO Bus: probed
[    0.980142] tun: Universal TUN/TAP device driver, 1.6
[    0.981559] PPP generic driver version 2.4.2
[    0.983263] ehci_hcd: USB 2.0 'Enhanced' Host Controller (EHCI) Driver
[    0.985187] ehci-pci: EHCI PCI platform driver
[    0.987075] ehci-platform: EHCI generic platform driver
[    0.989019] ohci_hcd: USB 1.1 'Open' Host Controller (OHCI) Driver
[    0.991285] ohci-pci: OHCI PCI platform driver
[    0.995648] ohci-pci 0000:00:06.0: OHCI PCI host controller
[    0.997402] ohci-pci 0000:00:06.0: new USB bus registered, assigned bus number 1
[    0.999536] ohci-pci 0000:00:06.0: irq 22, io mem 0xf0804000
[    1.061418] usb usb1: New USB device found, idVendor=1d6b, idProduct=0001
[    1.063408] usb usb1: New USB device strings: Mfr=3, Product=2, SerialNumber=1
[    1.066050] usb usb1: Product: OHCI PCI host controller
[    1.068190] usb usb1: Manufacturer: Linux 4.15.0-130-generic ohci_hcd
[    1.071002] usb usb1: SerialNumber: 0000:00:06.0
[    1.073062] hub 1-0:1.0: USB hub found
[    1.075750] hub 1-0:1.0: 12 ports detected
[    1.077970] ohci-platform: OHCI generic platform driver
[    1.079542] uhci_hcd: USB Universal Host Controller Interface driver
[    1.081725] i8042: PNP: PS/2 Controller [PNP0303:PS2K,PNP0f03:PS2M] at 0x60,0x64 irq 1,12
[    1.084545] serio: i8042 KBD port at 0x60,0x64 irq 1
[    1.085929] serio: i8042 AUX port at 0x60,0x64 irq 12
[    1.090334] mousedev: PS/2 mouse device common for all mice
[    1.094173] input: AT Translated Set 2 keyboard as /devices/platform/i8042/serio0/input/input2
[    1.098210] rtc_cmos rtc_cmos: rtc core: registered rtc_cmos as rtc0
[    1.100364] rtc_cmos rtc_cmos: alarms up to one day, 114 bytes nvram
[    1.102498] i2c /dev entries driver
[    1.104022] device-mapper: uevent: version 1.0.3
[    1.106165] device-mapper: ioctl: 4.37.0-ioctl (2017-09-20) initialised: dm-devel@redhat.com
[    1.110168] ledtrig-cpu: registered to indicate activity on CPUs
[    1.113814] NET: Registered protocol family 10
[    1.118973] Segment Routing with IPv6
[    1.120366] NET: Registered protocol family 17
[    1.122253] Key type dns_resolver registered
[    1.123622] mce: Using 0 MCE banks
[    1.124857] RAS: Correctable Errors collector initialized.
[    1.126888] sched_clock: Marking stable (1124811014, 0)->(1496533368, -371722354)
[    1.130933] registered taskstats version 1
[    1.132105] Loading compiled-in X.509 certificates
[    1.136048] Loaded X.509 cert 'Build time autogenerated kernel key: c1c8ea2cd851660a7b5f89f76ba0bd3ce6817142'
[    1.140540] zswap: loaded using pool lzo/zbud
[    1.146301] Key type big_key registered
[    1.147461] Key type trusted registered
[    1.150075] Key type encrypted registered
[    1.151305] AppArmor: AppArmor sha1 policy hashing enabled
[    1.153694] ima: No TPM chip found, activating TPM-bypass! (rc=-19)
[    1.158937] ima: Allocated hash algorithm: sha1
[    1.160977] evm: HMAC attrs: 0x1
[    1.163798]   Magic number: 9:787:285
[    1.165791] rtc_cmos rtc_cmos: setting system clock to 2021-02-20 15:17:47 UTC (1613834267)
[    1.170723] BIOS EDD facility v0.16 2004-Jun-25, 0 devices found
[    1.172759] EDD information not available.
[    1.178453] Freeing unused kernel image memory: 2440K
[    1.188230] Write protecting the kernel read-only data: 20480k
[    1.191702] Freeing unused kernel image memory: 2008K
[    1.197368] Freeing unused kernel image memory: 1868K
[    1.212492] x86/mm: Checked W+X mappings: passed, no W+X pages found.
[    1.215091] x86/mm: Checking user space page tables
[    1.225193] x86/mm: Checked W+X mappings: passed, no W+X pages found.
Loading, please wait...
starting version 237
[    1.628610] e1000: Intel(R) PRO/1000 Network Driver - version 7.3.21-k8-NAPI
[    1.631337] e1000: Copyright (c) 1999-2006 Intel Corporation.
[    1.640947] Fusion MPT base driver 3.04.20
[    1.642677] Copyright (c) 1999-2008 LSI Corporation
[    1.677265] Fusion MPT SPI Host driver 3.04.20
[    1.683978] AVX2 version of gcm_enc/dec engaged.
[    1.685560] AES CTR mode by8 optimization enabled
[    1.859354] input: ImExPS/2 Generic Explorer Mouse as /devices/platform/i8042/serio1/input/input4
[    2.252430] e1000 0000:00:03.0 eth0: (PCI:33MHz:32-bit) 02:d3:a8:fb:02:de
[    2.254904] e1000 0000:00:03.0 eth0: Intel(R) PRO/1000 Network Connection
[    2.260712] mptbase: ioc0: Initiating bringup
[    2.357094] ioc0: LSI53C1030 A0: Capabilities={Initiator}
[    2.604761] scsi host2: ioc0: LSI53C1030 A0, FwRev=00000000h, Ports=1, MaxQ=256, IRQ=20
[    2.794321] scsi 2:0:0:0: Direct-Access     VBOX     HARDDISK         1.0  PQ: 0 ANSI: 5
[    2.811935] scsi target2:0:0: Beginning Domain Validation
[    2.814683] random: fast init done
[    2.817119] scsi target2:0:0: Domain Validation skipping write tests
[    2.820132] scsi target2:0:0: Ending Domain Validation
[    2.822388] scsi target2:0:0: asynchronous
[    2.828372] scsi 2:0:1:0: Direct-Access     VBOX     HARDDISK         1.0  PQ: 0 ANSI: 5
[    2.830671] scsi target2:0:1: Beginning Domain Validation
[    2.835351] scsi target2:0:1: Domain Validation skipping write tests
[    2.837784] scsi target2:0:1: Ending Domain Validation
[    2.840006] scsi target2:0:1: asynchronous
[    2.898837] sd 2:0:0:0: Attached scsi generic sg0 type 0
[    2.900967] sd 2:0:0:0: [sda] 83886080 512-byte logical blocks: (42.9 GB/40.0 GiB)
[    2.903517] sd 2:0:0:0: [sda] Write Protect is off
[    2.907538] sd 2:0:1:0: [sdb] 20480 512-byte logical blocks: (10.5 MB/10.0 MiB)
[    2.910164] sd 2:0:1:0: Attached scsi generic sg1 type 0
[    2.911778] sd 2:0:1:0: [sdb] Write Protect is off
[    2.914539] random: systemd-udevd: uninitialized urandom read (16 bytes read)
[    2.918584] sd 2:0:1:0: [sdb] Incomplete mode parameter data
[    2.920484] sd 2:0:1:0: [sdb] Assuming drive cache: write through
[    2.924422] sd 2:0:0:0: [sda] Incomplete mode parameter data
[    2.926180] sd 2:0:0:0: [sda] Assuming drive cache: write through
[    2.936861] random: systemd-udevd: uninitialized urandom read (16 bytes read)
[    2.941127] random: systemd-udevd: uninitialized urandom read (16 bytes read)
[    2.961745]  sda: sda1
[    2.964219] sd 2:0:0:0: [sda] Attached SCSI disk
[    2.965828] sd 2:0:1:0: [sdb] Attached SCSI disk
[    3.445085] e1000 0000:00:08.0 eth1: (PCI:33MHz:32-bit) 08:00:27:19:51:b4
[    3.447036] e1000 0000:00:08.0 eth1: Intel(R) PRO/1000 Network Connection
[    3.452954] e1000 0000:00:08.0 enp0s8: renamed from eth1
[    3.457182] e1000 0000:00:03.0 enp0s3: renamed from eth0
Begin: Loading essential drivers ... [    7.092998] raid6: sse2x1   gen()  3492 MB/s
[    7.140135] raid6: sse2x1   xor()  1522 MB/s
[    7.192115] raid6: sse2x2   gen()  3526 MB/s
[    7.240261] raid6: sse2x2   xor()  1846 MB/s
[    7.292475] raid6: sse2x4   gen()  8451 MB/s
[    7.340807] raid6: sse2x4   xor()  4752 MB/s
[    7.389062] raid6: avx2x1   gen()  8709 MB/s
[    7.440306] raid6: avx2x1   xor()  8034 MB/s
[    7.488548] raid6: avx2x2   gen() 16227 MB/s
[    7.537247] raid6: avx2x2   xor()  9894 MB/s
[    7.585484] raid6: avx2x4   gen() 12419 MB/s
[    7.632607] raid6: avx2x4   xor()  8649 MB/s
[    7.634933] raid6: using algorithm avx2x2 gen() 16227 MB/s
[    7.636464] raid6: .... xor() 9894 MB/s, rmw enabled
[    7.638379] raid6: using avx2x2 recovery algorithm
[    7.642285] xor: automatically using best checksumming function   avx       
[    7.647253] async_tx: api initialized (async)
done.
Begin: Running /scripts/init-premount ... done.
Begin: Mounting root file system ... Begin: Running /scripts/local-top ... done.
Begin: Running /scripts/local-premount ... [    7.732509] Btrfs loaded, crc32c=crc32c-intel
Scanning for Btrfs filesystems
done.
Warning: fsck not present, so skipping root file system
[    7.799755] EXT4-fs (sda1): mounted filesystem with ordered data mode. Opts: (null)
done.
Begin: Running /scripts/local-bottom ... done.
Begin: Running /scripts/init-bottom ... done.
[    8.298789] ip_tables: (C) 2000-2006 Netfilter Core Team
[    8.355123] systemd[1]: systemd 237 running in system mode. (+PAM +AUDIT +SELINUX +IMA +APPARMOR +SMACK +SYSVINIT +UTMP +LIBCRYPTSETUP +GCRYPT +GNUTLS +ACL +XZ +LZ4 +SECCOMP +BLKID +ELFUTILS +KMOD -IDN2 +IDN -PCRE2 default-hierarchy=hybrid)
[    8.372401] systemd[1]: Detected virtualization oracle.
[    8.384811] systemd[1]: Detected architecture x86-64.

Welcome to [1mUbuntu 18.04.5 LTS[0m!

[    8.417898] systemd[1]: Set hostname to <ubuntu>.
[    8.451806] systemd[1]: Initializing machine ID from random generator.
[    8.456106] systemd[1]: Installed transient /etc/machine-id file.
[    9.397796] systemd[1]: Reached target User and Group Name Lookups.
[[0;32m  OK  [0m] Reached target User and Group Name Lookups.
[    9.402374] systemd[1]: Created slice User and Session Slice.
[[0;32m  OK  [0m] Created slice User and Session Slice.
[    9.407235] systemd[1]: Set up automount Arbitrary Executable File Formats File System Automount Point.
[[0;32m  OK  [0m] Set up automount Arbitrary Executab…rmats File System Automount Point.
[    9.413768] systemd[1]: Started Forward Password Requests to Wall Directory Watch.
[[0;32m  OK  [0m] Started Forward Password Requests to Wall Directory Watch.
[[0;32m  OK  [0m] Created slice System Slice.
[[0;32m  OK  [0m] Listening on udev Kernel Socket.
[[0;32m  OK  [0m] Listening on Journal Audit Socket.
[[0;32m  OK  [0m] Listening on Device-mapper event daemon FIFOs.
[[0;32m  OK  [0m] Listening on Syslog Socket.
[[0;32m  OK  [0m] Reached target Slices.
[[0;32m  OK  [0m] Listening on udev Control Socket.
[[0;32m  OK  [0m] Listening on Journal Socket.
         Starting Set the console keyboard layout...
         Starting Create list of required st…ce nodes for the current kernel...
         Starting Load Kernel Modules...
         Starting udev Coldplug all Devices...
         Mounting Huge Pages File System...
[[0;32m  OK  [0m] Listening on Network Service Netlink Socket.
         Starting Uncomplicated firewall...
[[0;32m  OK  [0m] Listening on LVM2 poll daemon socket.
         Starting Remount Root and Kernel File Systems...
         Mounting POSIX Message Queue File System...
[[0;32m  OK  [0m] Created slice system-serial\x2dgetty.slice.
[[0;32m  OK  [0m] Listening on Journal Socket (/dev/log).
         Starting Journal Service...
[[0;32m  OK  [0m] Reached target Swap.
[[0;32m  OK  [0m] Listening on LVM2 metadata daemon socket.
         Starting Monitoring of LVM2 mirrors…ng dmeventd or progress polling...
[    9.581332] Loading iSCSI transport class v2.0-870.
[[0;32m  OK  [0m] Listening on /dev/initctl Compatibility Named Pipe.
[[0;32m  OK  [0m] Reached target System Time Synchronized.
         Mounting Kernel Debug File System...
[[0;32m  OK  [0m] Started Create list of required sta…vice nodes for the current kernel.
[    9.677773] EXT4-fs (sda1): re-mounted. Opts: (null)
[[0;32m  OK  [0m] Mounted Huge Pages File System.
[[0;32m  OK  [0m] Started Uncomplicated firewall.
[[0;32m  OK  [0m] Started Remount Root and Kernel File Systems.
[[0;32m  OK  [0m] Mounted POSIX Message Queue File System.
[[0;32m  OK  [0m] Mounted Kernel Debug File System.
[    9.754653] iscsi: registered transport (tcp)
         Starting Load/Save Random Seed...
         Starting Create Static Device Nodes in /dev...
[    9.813183] random: crng init done
[    9.814325] random: 7 urandom warning(s) missed due to ratelimiting
[[0;32m  OK  [0m] Started Load/Save Random Seed.
[[0;32m  OK  [0m] Started LVM2 metadata daemon.
[[0;32m  OK  [0m] Started Monitoring of LVM2 mirrors,…sing dmeventd or progress polling.
[[0;32m  OK  [0m] Started Journal Service.
         Starting Flush Journal to Persistent Storage...
[    9.952520] systemd-journald[411]: Received request to flush runtime journal from PID 1
[[0;32m  OK  [0m] Started Create Static Device Nodes in /dev.
         Starting udev Kernel Device Manager...
[[0;32m  OK  [0m] Started udev Coldplug all Devices.
[[0;32m  OK  [0m] Started Set the console keyboard layout.
[[0;32m  OK  [0m] Reached target Local File Systems (Pre).
[[0;32m  OK  [0m] Reached target Local File Systems.
         Starting Commit a transient machine-id on disk...
         Starting AppArmor initialization...
         Starting Tell Plymouth To Write Out Runtime Data...
         Starting Set console font and keymap...
         [   10.123367] iscsi: registered transport (iser)
Starting ebtables ruleset management...
[[0;32m  OK  [0m] Started udev Kernel Device Manager.
[[0;32m  OK  [0m] Started Dispatch Password Requests to Console Directory Watch.
[[0;32m  OK  [0m] Reached target Local Encrypted Volumes.
[[0;32m  OK  [0m] Started Tell Plymouth To Write Out Runtime Data.
[[0;32m  OK  [0m] Started Load Kernel Modules.
         Mounting Kernel Configuration File System...
         Starting Apply Kernel Variables...
         Mounting FUSE Control File System...
[[0;32m  OK  [0m] Started Flush Journal to Persistent Storage.
[[0;32m  OK  [0m] Started Set console font and keymap.
[[0;32m  OK  [0m] Mounted Kernel Configuration File System.
[[0;32m  OK  [0m] Mounted FUSE Control File System.
[[0;32m  OK  [0m] Started Commit a transient machine-id on disk.
         Starting Create Volatile Files and Directories...
[[0;32m  OK  [0m] Started Apply Kernel Variables.
[[0;32m  OK  [0m] Started Create Volatile Files and Directories.
         Starting Update UTMP about System Boot/Shutdown...
[[0;32m  OK  [0m] Started Update UTMP about System Boot/Shutdown.
[[0;32m  OK  [0m] Started ebtables ruleset management.
[[0;32m  OK  [0m] Found device /dev/ttyS0.
[[0;32m  OK  [0m] Listening on Load/Save RF Kill Switch Status /dev/rfkill Watch.
[[0;32m  OK  [0m] Started AppArmor initialization.
         Starting Load AppArmor profiles managed internally by snapd...
         Starting Initial cloud-init job (pre-networking)...
[[0;32m  OK  [0m] Started Load AppArmor profiles managed internally by snapd.
[   19.266380] cloud-init[561]: Cloud-init v. 20.4-0ubuntu1~18.04.2 running 'init-local' at Sat, 20 Feb 2021 15:18:03 +0000. Up 17.41 seconds.
[[0;32m  OK  [0m] Started Initial cloud-init job (pre-networking).
[[0;32m  OK  [0m] Reached target Network (Pre).
         Starting Network Service...
[[0;32m  OK  [0m] Started Network Service.
         Starting Network Name Resolution...
         Starting Wait for Network to be Configured...
[[0;32m  OK  [0m] Started Network Name Resolution.
[[0;32m  OK  [0m] Reached target Host and Network Name Lookups.
[[0;32m  OK  [0m] Reached target Network.
[[0;32m  OK  [0m] Started Wait for Network to be Configured.
         Starting Initial cloud-init job (metadata service crawler)...
[   27.117282] cloud-init[651]: Cloud-init v. 20.4-0ubuntu1~18.04.2 running 'init' at Sat, 20 Feb 2021 15:18:11 +0000. Up 25.29 seconds.
[   27.125739] cloud-init[651]: ci-info: ++++++++++++++++++++++++++++++++++++++Net device info++++++++++++++++++++++++++++++++++++++
[   27.137306] cloud-init[651]: ci-info: +--------+-------+---------------------------+---------------+--------+-------------------+
[   27.161626] cloud-init[651]: ci-info: | Device |   Up  |          Address          |      Mask     | Scope  |     Hw-Address    |
[   27.185086] cloud-init[651]: ci-info: +--------+-------+---------------------------+---------------+--------+-------------------+
[   27.197688] cloud-init[651]: ci-info: | enp0s3 |  True |         10.0.2.15         | 255.255.255.0 | global | 02:d3:a8:fb:02:de |
[   27.217593] cloud-init[651]: ci-info: | enp0s3 |  True | fe80::d3:a8ff:fefb:2de/64 |       .       |  link  | 02:d3:a8:fb:02:de |
[   27.222958] cloud-init[651]: ci-info: | enp0s8 | False |             .             |       .       |   .    | 08:00:27:19:51:b4 |
[   27.233178] cloud-init[651]: ci-info: |   lo   |  True |         127.0.0.1         |   255.0.0.0   |  host  |         .         |
[   27.372876] cloud-init[651]: ci-info: |   lo   |  True |          ::1/128          |       .       |  host  |         .         |
[   27.388966] cloud-init[651]: ci-info: +--------+-------+---------------------------+---------------+--------+-------------------+
[   27.400749] cloud-init[651]: ci-info: ++++++++++++++++++++++++++++Route IPv4 info+++++++++++++++++++++++++++++
[   27.413026] cloud-init[651]: ci-info: +-------+-------------+----------+-----------------+-----------+-------+
[   27.429420] cloud-init[651]: ci-info: | Route | Destination | Gateway  |     Genmask     | Interface | Flags |
[   27.451379] cloud-init[651]: ci-info: +-------+-------------+----------+-----------------+-----------+-------+
[   27.464575] cloud-init[651]: ci-info: |   0   |   0.0.0.0   | 10.0.2.2 |     0.0.0.0     |   enp0s3  |   UG  |
[   27.469986] cloud-init[651]: ci-info: |   1   |   10.0.2.0  | 0.0.0.0  |  255.255.255.0  |   enp0s3  |   U   |
[   27.474075] cloud-init[651]: ci-info: |   2   |   10.0.2.2  | 0.0.0.0  | 255.255.255.255 |   enp0s3  |   UH  |
[   27.490588] cloud-init[651]: ci-info: +-------+-------------+----------+-----------------+-----------+-------+
[   27.705731] cloud-init[651]: ci-info: +++++++++++++++++++Route IPv6 info+++++++++++++++++++
[   27.841742] cloud-init[651]: ci-info: +-------+-------------+---------+-----------+-------+
[   27.863875] cloud-init[651]: ci-info: | Route | Destination | Gateway | Interface | Flags |
[   27.893574] cloud-init[651]: ci-info: +-------+-------------+---------+-----------+-------+
[   27.918118] cloud-init[651]: ci-info: |   1   |  fe80::/64  |    ::   |   enp0s3  |   U   |
[   27.957020] cloud-init[651]: ci-info: |   3   |    local    |    ::   |   enp0s3  |   U   |
[   27.967508] cloud-init[651]: ci-info: |   4   |   ff00::/8  |    ::   |   enp0s3  |   U   |
[   28.099659] cloud-init[651]: ci-info: +-------+-------------+---------+-----------+-------+
[   31.052489] cloud-init[651]: Generating public/private rsa key pair.
[   31.068376] cloud-init[651]: Your identification has been saved in /etc/ssh/ssh_host_rsa_key.
[   31.073498] cloud-init[651]: Your public key has been saved in /etc/ssh/ssh_host_rsa_key.pub.
[   31.076879] cloud-init[651]: The key fingerprint is:
[   31.081367] cloud-init[651]: SHA256:pCQAGncrzy0jKuk8Y/sJRkwZk1FDAJlkSNl3QISgCMA root@ubuntu-bionic
[   31.104675] cloud-init[651]: The key's randomart image is:
[   31.120627] cloud-init[651]: +---[RSA 2048]----+
[   31.132606] cloud-init[651]: |&&%+=+.          |
[   31.135495] cloud-init[651]: |XE+=.o .         |
[   31.143826] cloud-init[651]: |+o. + o .        |
[   31.147017] cloud-init[651]: |o  + + o         |
[   31.152762] cloud-init[651]: | o. = o S        |
[   31.154975] cloud-init[651]: |.o . o           |
[   31.158188] cloud-init[651]: |+o               |
[   31.160024] cloud-init[651]: |=+. .            |
[   31.176722] cloud-init[651]: |.+=o             |
[   31.178529] cloud-init[651]: +----[SHA256]-----+
[   31.180436] cloud-init[651]: Generating public/private dsa key pair.
[   31.184618] cloud-init[651]: Your identification has been saved in /etc/ssh/ssh_host_dsa_key.
[   31.188869] cloud-init[651]: Your public key has been saved in /etc/ssh/ssh_host_dsa_key.pub.
[   31.194024] cloud-init[651]: The key fingerprint is:
[   31.197106] cloud-init[651]: SHA256:eHDYLbI4c1OkttPl4pfSdF7SqkKDzZjkYdo2NzZEuKI root@ubuntu-bionic
[   31.199319] cloud-init[651]: The key's randomart image is:
[   31.204302] cloud-init[651]: +---[DSA 1024]----+
[   31.209145] cloud-init[651]: |       ..        |
[   31.232626] cloud-init[651]: |      .=..       |
[   31.234650] cloud-init[651]: |      *o= o      |
[   31.240697] cloud-init[651]: |    .o=X.+   .   |
[   31.244587] cloud-init[651]: |   .+BBOS o o o  |
[   31.260814] cloud-init[651]: |  E .+O=X+ + +   |
[   31.263517] cloud-init[651]: |     . =o++ o    |
[   31.268615] cloud-init[651]: |        .o .     |
[   31.278418] cloud-init[651]: |         ..      |
[   31.280789] cloud-init[651]: +----[SHA256]-----+
[   31.282846] cloud-init[651]: Generating public/private ecdsa key pair.
[   31.285470] cloud-init[651]: Your identification has been saved in /etc/ssh/ssh_host_ecdsa_key.
[   31.294103] cloud-init[651]: Your public key has been saved in /etc/ssh/ssh_host_ecdsa_key.pub.
[   31.296967] cloud-init[651]: The key fingerprint is:
[   31.298398] cloud-init[651]: SHA256:94atyBC8oirSP/Bir5Kpp518AQUCyQ4hjEMB11+uIYU root@ubuntu-bionic
[   31.309123] cloud-init[651]: The key's randomart image is:
[   31.311985] cloud-init[651]: +---[ECDSA 256]---+
[   31.314540] cloud-init[651]: |&=+o .           |
[[0;32m  OK  [0m[   31.320290] cloud-init[651]: |*=  E . .        |
[   31.320420] cloud-init[651]: |o. . o o         |
[   31.320489] cloud-init[651]: | .. ..o .        |
[   31.320546] cloud-init[651]: |   . .ooS .      |
[   31.320594] cloud-init[651]: |  . . .o . +     |
[   31.320644] cloud-init[651]: | + o..o   . +    |
[   31.320689] cloud-init[651]: |*o=o+. o . o     |
[   31.320736] cloud-init[651]: |B***o.  o .      |
[   31.320779] cloud-init[651]: +----[SHA256]-----+
[   31.320822] cloud-init[651]: Generating public/private ed25519 key pair.
[   31.320873] cloud-init[651]: Your identification has been saved in /etc/ssh/ssh_host_ed25519_key.
[   31.320916] cloud-init[651]: Your public key has been saved in /etc/ssh/ssh_host_ed25519_key.pub.
[   31.320962] cloud-init[651]: The key fingerprint is:
[   31.321003] cloud-init[651]: SHA256:ydMqq6D4rhNYbHJbrkQsGkR3LjPjSQF8L0V4N+jE+Sw root@ubuntu-bionic
[   31.321042] cloud-init[651]: The key's randomart image is:
[   31.321082] cloud-init[651]: +--[ED25519 256]--+
[   31.321127] cloud-init[651]: |oo.o+oo          |
[   31.321174] cloud-init[651]: | o.o+B o         |
[   31.321224] cloud-init[651]: |.o.**.+ .        |
[   31.321270] cloud-init[651]: |+ X.BE + o       |
[   31.321311] cloud-init[651]: |oO *. . S .      |
] Started Initial cloud-init job (metadata service crawler).
[[0;32m  OK  [0m] Reached target System Initialization.
[[0;32m  OK  [0m] Started Message of the Day.
[[0;32m  OK  [0m] Listening on UUID daemon activation socket.
         Starting Socket activation for snappy daemon.
[   31.326678] cloud-init[651]: |+ o .    o       |
         Starting LXD - unix socket.
[[0;32m  OK  [0m] Started Daily Cleanup of Temporary Directories.
[[   31.426999] cloud-init[651]: | o..  . .        |
[   31.451855] cloud-init[651]: |o...   o         |
[   31.453607] cloud-init[651]: |+=o ...          |
[   31.454909] cloud-init[651]: +----[SHA256]-----+
[0;32m  OK  [0m] Listening on Open-iSCSI iscsid Socket.
[[0;32m  OK  [0m] Listening on D-Bus System Message Bus Socket.
[[0;32m  OK  [0m] Started Daily apt download activities.
[[0;32m  OK  [0m] Started Daily apt upgrade and clean activities.
[[0;32m  OK  [0m] Started ACPI Events Check.
[[0;32m  OK  [0m] Reached target Paths.
[[0;32m  OK  [0m] Started Discard unused blocks once a week.
[[0;32m  OK  [0m] Reached target Timers.
[[0;32m  OK  [0m] Listening on ACPID Listen Socket.
[[0;32m  OK  [0m] Reached target Cloud-config availability.
[[0;32m  OK  [0m] Reached target Network is Online.
         Starting Availability of block devices...
[[0;32m  OK  [0m] Reached target Remote File Systems (Pre).
[[0;32m  OK  [0m] Reached target Remote File Systems.
[[0;32m  OK  [0m] Listening on Socket activation for snappy daemon.
[[0;32m  OK  [0m] Listening on LXD - unix socket.
[[0;32m  OK  [0m] Started Availability of block devices.
[[0;32m  OK  [0m] Reached target Sockets.
[[0;32m  OK  [0m] Reached target Basic System.
         Starting LSB: Record successful boot for GRUB...
[[0;32m  OK  [0m] Started D-Bus System Message Bus.
[[0;32m  OK  [0m] Started Regular background program processing daemon.
         Starting Login Service...
         Starting Snap Daemon...
         Starting Permit User Sessions...
         Starting Pollinate to seed the pseudo random number generator...
         Starting Dispatcher daemon for systemd-networkd...
[[0;32m  OK  [0m] Started Deferred execution scheduler.
[[0;32m  OK  [0m] Started irqbalance daemon.
[[0;32m  OK  [0m] Started FUSE filesystem for LXC.
         Starting LXD - container startup/shutdown...
         Starting LSB: automatic crash report generation...
         Starting Virtualbox guest utils...
         Starting Accounts Service...
         Starting System Logging Service...
[[0;32m  OK  [0m] Started Permit User Sessions.
         Starting Terminate Plymouth Boot Screen...
         Starting Hold until boot process finishes up...
[[0;32m  OK  [0m] Started Hold until boot process finishes up.
[[0;32m  OK  [0m] Started Terminate Plymouth Boot Screen.
         Starting Set console scheme...
[[0;32m  OK  [0m] Started Serial Getty on ttyS0.
[[0;32m  OK  [0m] Started Login Service.
[[0;32m  OK  [0m] Started Unattended Upgrades Shutdown.
[[0;32m  OK  [0m] Started Set console scheme.
[[0;32m  OK  [0m] Created slice system-getty.slice.
[[0;32m  OK  [0m] Started Getty on tty1.
[[0;32m  OK  [0m] Reached target Login Prompts.
[[0;32m  OK  [0m] Started LSB: Record successful boot for GRUB.
[[0;32m  OK  [0m] Started LSB: automatic crash report generation.
         Starting Authorization Manager...
[[0;32m  OK  [0m] Started System Logging Service.
[[0;32m  OK  [0m] Started Authorization Manager.
[[0;32m  OK  [0m] Started Accounts Service.
[[0;32m  OK  [0m] Started Virtualbox guest utils.
[[0;32m  OK  [0m] Started LXD - container startup/shutdown.
[[0;32m  OK  [0m] Started Snap Daemon.
         Starting Wait until snapd is fully seeded...
[[0;32m  OK  [0m] Started Pollinate to seed the pseudo random number generator.
         Starting OpenBSD Secure Shell server...
[[0;32m  OK  [0m] Started OpenBSD Secure Shell server.
[[0;32m  OK  [0m] Started Dispatcher daemon for systemd-networkd.

Ubuntu 18.04.5 LTS ubuntu-bionic ttyS0

ubuntu-bionic login: [   47.221457] cloud-init[999]: Cloud-init v. 20.4-0ubuntu1~18.04.2 running 'modules:config' at Sat, 20 Feb 2021 15:18:29 +0000. Up 43.62 seconds.
ci-info: no authorized SSH keys fingerprints found for user ubuntu.
<14>Feb 20 15:18:36 ec2: 
<14>Feb 20 15:18:36 ec2: #############################################################
<14>Feb 20 15:18:36 ec2: -----BEGIN SSH HOST KEY FINGERPRINTS-----
<14>Feb 20 15:18:36 ec2: 1024 SHA256:eHDYLbI4c1OkttPl4pfSdF7SqkKDzZjkYdo2NzZEuKI root@ubuntu-bionic (DSA)
<14>Feb 20 15:18:36 ec2: 256 SHA256:94atyBC8oirSP/Bir5Kpp518AQUCyQ4hjEMB11+uIYU root@ubuntu-bionic (ECDSA)
<14>Feb 20 15:18:36 ec2: 256 SHA256:ydMqq6D4rhNYbHJbrkQsGkR3LjPjSQF8L0V4N+jE+Sw root@ubuntu-bionic (ED25519)
<14>Feb 20 15:18:36 ec2: 2048 SHA256:pCQAGncrzy0jKuk8Y/sJRkwZk1FDAJlkSNl3QISgCMA root@ubuntu-bionic (RSA)
<14>Feb 20 15:18:36 ec2: -----END SSH HOST KEY FINGERPRINTS-----
<14>Feb 20 15:18:36 ec2: #############################################################
-----BEGIN SSH HOST KEY KEYS-----
ecdsa-sha2-nistp256 AAAAE2VjZHNhLXNoYTItbmlzdHAyNTYAAAAIbmlzdHAyNTYAAABBBBwhNoWKgEgdfM8fN+jF0NKLb2K2uanN2Y0l5Xs0WEZlGBXQlK76rst5reIwo0lbAJF9hR5Zji8sW+EKciM48oc= root@ubuntu-bionic
ssh-ed25519 AAAAC3NzaC1lZDI1NTE5AAAAIDKepQMEevsYmfHe6AjYurHmwLTRZ8LL4PQEXRHu6hRF root@ubuntu-bionic
ssh-rsa AAAAB3NzaC1yc2EAAAADAQABAAABAQDDBfDlSy5Q9k05fJ1kEqyAgiLw32lFiQ0eN97ltjLNOlK3z7HlH5LFSUE5jnSZBDwzzqguEbXrfdwj/yU+zXNmMlkeC1W5UE69oKuhoOULDDd5Muf0Ygqq1rI0XgmxPd26+4RxG4YwjBgMaQSq01+eTlgTPPnLLsZJLzo+z6PoDPW4/CiYwWIWxtk0uBoOUADsjrKTrECT4J5kmAP8AsGP6U2+yNfny60NG2LJbYVAIDsEk0VSw8Mlk6lLtZNLfLoJ9TRaFTLo+KThfbpv2uuGXnQR7tJ3svMnEVtFnZPc1GwE5pE2bBZ5JhAwHiETC6R2lMZmVgzKPB41NriqtX/v root@ubuntu-bionic
-----END SSH HOST KEY KEYS-----
[   50.275478] cloud-init[1132]: Cloud-init v. 20.4-0ubuntu1~18.04.2 running 'modules:final' at Sat, 20 Feb 2021 15:18:35 +0000. Up 49.23 seconds.
[   50.286848] cloud-init[1132]: ci-info: no authorized SSH keys fingerprints found for user ubuntu.
[   50.287825] cloud-init[1132]: Cloud-init v. 20.4-0ubuntu1~18.04.2 finished at Sat, 20 Feb 2021 15:18:36 +0000. Datasource DataSourceNoCloud [seed=/dev/sdb][dsmode=net].  Up 50.16 seconds
